{
  "comments": [
    {
      "unresolved": true,
      "key": {
        "uuid": "09f8574d_b20b81a6",
        "filename": "/PATCHSET_LEVEL",
        "patchSetId": 7
      },
      "lineNbr": 0,
      "author": {
        "id": 5020
      },
      "writtenOn": "2022-04-16T05:39:55Z",
      "side": 1,
      "message": "Angie, this fails to build after rebasing. It\u0027s likely your earlier run was before the GoogleTest update to 1.11.0 or perhaps we\u0027re not building this target in the per-commit:\n\n22:24:51 In file included from /var/jenkins/workspace/libaom__example_test-multi-target/arch/generic-gnu/aom/third_party/googletest/src/googletest/include/gtest/gtest.h:387,\n22:24:51                  from /var/jenkins/workspace/libaom__example_test-multi-target/arch/generic-gnu/aom/third_party/googletest/src/googlemock/include/gmock/internal/gmock-internal-utils.h:47,\n22:24:51                  from /var/jenkins/workspace/libaom__example_test-multi-target/arch/generic-gnu/aom/third_party/googletest/src/googlemock/include/gmock/gmock-actions.h:145,\n22:24:51                  from /var/jenkins/workspace/libaom__example_test-multi-target/arch/generic-gnu/aom/third_party/googletest/src/googlemock/include/gmock/gmock.h:59,\n22:24:51                  from /var/jenkins/workspace/libaom__example_test-multi-target/arch/generic-gnu/aom/test/mock_ratectrl_qmode.h:16,\n22:24:51                  from /var/jenkins/workspace/libaom__example_test-multi-target/arch/generic-gnu/aom/test/ratectrl_qmode_test.cc:18:\n22:24:51 /var/jenkins/workspace/libaom__example_test-multi-target/arch/generic-gnu/aom/test/ratectrl_qmode_test.cc: In member function ‘virtual void aom::RateControlQModeTest_TestMock_Test::TestBody()’:\n22:24:51 /var/jenkins/workspace/libaom__example_test-multi-target/arch/generic-gnu/aom/test/ratectrl_qmode_test.cc:396:56: error: no matching function for call to ‘aom::FirstpassInfo::FirstpassInfo(int)’\n22:24:51    EXPECT_THAT(mock_rc.DetermineGopInfo(FirstpassInfo(10)),",
      "revId": "0f93294262a683435602866998c1854d3f62a4f4",
      "serverId": "e5514cf8-2d6e-3e29-adb4-24cd6dde4bf0"
    },
    {
      "unresolved": true,
      "key": {
        "uuid": "6d3b7e94_b4c7fc62",
        "filename": "/PATCHSET_LEVEL",
        "patchSetId": 7
      },
      "lineNbr": 0,
      "author": {
        "id": 5020
      },
      "writtenOn": "2022-04-16T05:44:26Z",
      "side": 1,
      "message": "\u003e Angie, this fails to build after rebasing. It\u0027s likely your earlier run was before the GoogleTest update to 1.11.0 or perhaps we\u0027re not building this target in the per-commit:\n\u003e \n\u003e 22:24:51 In file included from /var/jenkins/workspace/libaom__example_test-multi-target/arch/generic-gnu/aom/third_party/googletest/src/googletest/include/gtest/gtest.h:387,\n\u003e 22:24:51                  from /var/jenkins/workspace/libaom__example_test-multi-target/arch/generic-gnu/aom/third_party/googletest/src/googlemock/include/gmock/internal/gmock-internal-utils.h:47,\n\u003e 22:24:51                  from /var/jenkins/workspace/libaom__example_test-multi-target/arch/generic-gnu/aom/third_party/googletest/src/googlemock/include/gmock/gmock-actions.h:145,\n\u003e 22:24:51                  from /var/jenkins/workspace/libaom__example_test-multi-target/arch/generic-gnu/aom/third_party/googletest/src/googlemock/include/gmock/gmock.h:59,\n\u003e 22:24:51                  from /var/jenkins/workspace/libaom__example_test-multi-target/arch/generic-gnu/aom/test/mock_ratectrl_qmode.h:16,\n\u003e 22:24:51                  from /var/jenkins/workspace/libaom__example_test-multi-target/arch/generic-gnu/aom/test/ratectrl_qmode_test.cc:18:\n\u003e 22:24:51 /var/jenkins/workspace/libaom__example_test-multi-target/arch/generic-gnu/aom/test/ratectrl_qmode_test.cc: In member function ‘virtual void aom::RateControlQModeTest_TestMock_Test::TestBody()’:\n\u003e 22:24:51 /var/jenkins/workspace/libaom__example_test-multi-target/arch/generic-gnu/aom/test/ratectrl_qmode_test.cc:396:56: error: no matching function for call to ‘aom::FirstpassInfo::FirstpassInfo(int)’\n\u003e 22:24:51    EXPECT_THAT(mock_rc.DetermineGopInfo(FirstpassInfo(10)),\n\nIt was the update that caught this.",
      "parentUuid": "09f8574d_b20b81a6",
      "revId": "0f93294262a683435602866998c1854d3f62a4f4",
      "serverId": "e5514cf8-2d6e-3e29-adb4-24cd6dde4bf0"
    }
  ]
}